c:\users\almog\desktop\10th 6 class\c language\second semester\lesson12 - final project\comply the project\gif maker\gif maker\debug\vc141.pdb
c:\users\almog\desktop\10th 6 class\c language\second semester\lesson12 - final project\comply the project\gif maker\gif maker\debug\vc141.idb
c:\users\almog\desktop\10th 6 class\c language\second semester\lesson12 - final project\comply the project\gif maker\gif maker\debug\view.obj
c:\users\almog\desktop\10th 6 class\c language\second semester\lesson12 - final project\comply the project\gif maker\gif maker\debug\sorting.obj
c:\users\almog\desktop\10th 6 class\c language\second semester\lesson12 - final project\comply the project\gif maker\gif maker\debug\menu.obj
c:\users\almog\desktop\10th 6 class\c language\second semester\lesson12 - final project\comply the project\gif maker\gif maker\debug\main.obj
c:\users\almog\desktop\10th 6 class\c language\second semester\lesson12 - final project\comply the project\gif maker\gif maker\debug\linkedlist.obj
c:\users\almog\desktop\10th 6 class\c language\second semester\lesson12 - final project\comply the project\gif maker\gif maker\debug\integration.obj
c:\users\almog\desktop\10th 6 class\c language\second semester\lesson12 - final project\comply the project\gif maker\gif maker\debug\input.obj
c:\users\almog\desktop\10th 6 class\c language\second semester\lesson12 - final project\comply the project\gif maker\gif maker\debug\files.obj
c:\users\almog\desktop\10th 6 class\c language\second semester\lesson12 - final project\comply the project\gif maker\gif maker\debug\directories.obj
c:\users\almog\desktop\10th 6 class\c language\second semester\lesson12 - final project\comply the project\gif maker\debug\gif maker.ilk
c:\users\almog\desktop\10th 6 class\c language\second semester\lesson12 - final project\comply the project\gif maker\debug\gif maker.exe
c:\users\almog\desktop\10th 6 class\c language\second semester\lesson12 - final project\comply the project\gif maker\debug\gif maker.pdb
c:\users\almog\desktop\10th 6 class\c language\second semester\lesson12 - final project\comply the project\gif maker\gif maker\debug\gif maker.tlog\cl.command.1.tlog
c:\users\almog\desktop\10th 6 class\c language\second semester\lesson12 - final project\comply the project\gif maker\gif maker\debug\gif maker.tlog\cl.read.1.tlog
c:\users\almog\desktop\10th 6 class\c language\second semester\lesson12 - final project\comply the project\gif maker\gif maker\debug\gif maker.tlog\cl.write.1.tlog
c:\users\almog\desktop\10th 6 class\c language\second semester\lesson12 - final project\comply the project\gif maker\gif maker\debug\gif maker.tlog\link.command.1.tlog
c:\users\almog\desktop\10th 6 class\c language\second semester\lesson12 - final project\comply the project\gif maker\gif maker\debug\gif maker.tlog\link.read.1.tlog
c:\users\almog\desktop\10th 6 class\c language\second semester\lesson12 - final project\comply the project\gif maker\gif maker\debug\gif maker.tlog\link.write.1.tlog
